2025-04-08 17:52:52.806933 - Received CBT.V508.FILE022.PDS from FILE022.XMI 
2025-04-08 17:52:52.814023 - Found $$$#DATE.txt (text/plain) in CBT.V508.FILE022.PDS, moved to PDS/$$$#DATE
2025-04-08 17:52:52.814760 - Found $$$DOC.txt (text/plain) in CBT.V508.FILE022.PDS, moved to PDS/$$$DOC
2025-04-08 17:52:52.815438 - Found $$CBTDOC.txt (text/plain) in CBT.V508.FILE022.PDS, moved to PDS/$$CBTDOC
2025-04-08 17:52:52.816024 - Found $AMODGEN.txt (text/plain) in CBT.V508.FILE022.PDS, moved to PDS/$AMODGEN
2025-04-08 17:52:52.816597 - Found $ASMHCL.txt (text/plain) in CBT.V508.FILE022.PDS, moved to PDS/$ASMHCL
2025-04-08 17:52:52.817251 - Found $BROWSE.txt (text/plain) in CBT.V508.FILE022.PDS, moved to PDS/$BROWSE
2025-04-08 17:52:52.817830 - Found $COPY.txt (text/plain) in CBT.V508.FILE022.PDS, moved to PDS/$COPY
2025-04-08 17:52:52.818450 - Found $DATE.txt (text/plain) in CBT.V508.FILE022.PDS, moved to PDS/$DATE
2025-04-08 17:52:52.819118 - Found $EXEC.txt (text/plain) in CBT.V508.FILE022.PDS, moved to PDS/$EXEC
2025-04-08 17:52:52.819758 - Found $GENER.txt (text/plain) in CBT.V508.FILE022.PDS, moved to PDS/$GENER
2025-04-08 17:52:52.820411 - Found $HASPSRC.txt (text/plain) in CBT.V508.FILE022.PDS, moved to PDS/$HASPSRC
2025-04-08 17:52:52.820984 - Found $IEHMAP.txt (text/plain) in CBT.V508.FILE022.PDS, moved to PDS/$IEHMAP
2025-04-08 17:52:52.821573 - Found $JOB.txt (text/plain) in CBT.V508.FILE022.PDS, moved to PDS/$JOB
2025-04-08 17:52:52.822118 - Found $JUL.txt (text/plain) in CBT.V508.FILE022.PDS, moved to PDS/$JUL
2025-04-08 17:52:52.822740 - Found $LC.txt (text/plain) in CBT.V508.FILE022.PDS, moved to PDS/$LC
2025-04-08 17:52:52.823336 - Found $LD.txt (text/plain) in CBT.V508.FILE022.PDS, moved to PDS/$LD
2025-04-08 17:52:52.824002 - Found $LDI.txt (text/plain) in CBT.V508.FILE022.PDS, moved to PDS/$LDI
2025-04-08 17:52:52.824592 - Found $LISTLVL.txt (text/plain) in CBT.V508.FILE022.PDS, moved to PDS/$LISTLVL
2025-04-08 17:52:52.825157 - Found $LM.txt (text/plain) in CBT.V508.FILE022.PDS, moved to PDS/$LM
2025-04-08 17:52:52.825761 - Found $LS.txt (text/plain) in CBT.V508.FILE022.PDS, moved to PDS/$LS
2025-04-08 17:52:52.826422 - Found $MACLIB.txt (text/plain) in CBT.V508.FILE022.PDS, moved to PDS/$MACLIB
2025-04-08 17:52:52.827009 - Found $PEND.txt (text/plain) in CBT.V508.FILE022.PDS, moved to PDS/$PEND
2025-04-08 17:52:52.827617 - Found $PRINT.txt (text/plain) in CBT.V508.FILE022.PDS, moved to PDS/$PRINT
2025-04-08 17:52:52.828184 - Found $PROCLIB.txt (text/plain) in CBT.V508.FILE022.PDS, moved to PDS/$PROCLIB
2025-04-08 17:52:52.828800 - Found $RECEIVE.txt (text/plain) in CBT.V508.FILE022.PDS, moved to PDS/$RECEIVE
2025-04-08 17:52:52.829405 - Found $SPACE.txt (text/plain) in CBT.V508.FILE022.PDS, moved to PDS/$SPACE
2025-04-08 17:52:52.830077 - Found $STCK.txt (text/plain) in CBT.V508.FILE022.PDS, moved to PDS/$STCK
2025-04-08 17:52:52.830669 - Found $V.txt (text/plain) in CBT.V508.FILE022.PDS, moved to PDS/$V
2025-04-08 17:52:52.831314 - Found $WHO.txt (text/plain) in CBT.V508.FILE022.PDS, moved to PDS/$WHO
2025-04-08 17:52:52.831917 - Found #CATRPT.jcl (text/plain) in CBT.V508.FILE022.PDS, moved to PDS/#CATRPT
2025-04-08 17:52:52.832521 - Found #CSIRPT.jcl (text/plain) in CBT.V508.FILE022.PDS, moved to PDS/#CSIRPT
2025-04-08 17:52:52.833096 - Found #PARMLIB.jcl (text/plain) in CBT.V508.FILE022.PDS, moved to PDS/#PARMLIB
2025-04-08 17:52:52.833627 - Found #PROCLIB.jcl (text/plain) in CBT.V508.FILE022.PDS, moved to PDS/#PROCLIB
2025-04-08 17:52:52.834179 - Found #RACF.jcl (text/plain) in CBT.V508.FILE022.PDS, moved to PDS/#RACF
2025-04-08 17:52:52.834792 - Found #SMFRPT.jcl (text/plain) in CBT.V508.FILE022.PDS, moved to PDS/#SMFRPT
2025-04-08 17:52:52.835436 - Found #VTOCS.jcl (text/plain) in CBT.V508.FILE022.PDS, moved to PDS/#VTOCS
2025-04-08 17:52:52.836322 - Found @FILE022.txt (text/plain) in CBT.V508.FILE022.PDS, moved to PDS/@FILE022
2025-04-08 17:52:52.836955 - Found ADRMCLC$.txt (text/plain) in CBT.V508.FILE022.PDS, moved to PDS/ADRMCLC$
2025-04-08 17:52:52.837572 - Found ADRMCLV#.jcl (text/plain) in CBT.V508.FILE022.PDS, moved to PDS/ADRMCLV#
2025-04-08 17:52:52.838489 - Found ADRMCLVL.txt (text/plain) in CBT.V508.FILE022.PDS, moved to PDS/ADRMCLVL
2025-04-08 17:52:52.839136 - Found AUTHOR.txt (text/plain) in CBT.V508.FILE022.PDS, moved to PDS/AUTHOR
2025-04-08 17:52:52.839712 - Found BINTIME.txt (text/plain) in CBT.V508.FILE022.PDS, moved to PDS/BINTIME
2025-04-08 17:52:52.840287 - Found CATSTRI#.jcl (text/plain) in CBT.V508.FILE022.PDS, moved to PDS/CATSTRI#
2025-04-08 17:52:52.840917 - Found CATSTRIP.txt (text/plain) in CBT.V508.FILE022.PDS, moved to PDS/CATSTRIP
2025-04-08 17:52:52.841519 - Found CENTER.txt (text/plain) in CBT.V508.FILE022.PDS, moved to PDS/CENTER
2025-04-08 17:52:52.842142 - Found CLEAR.txt (text/plain) in CBT.V508.FILE022.PDS, moved to PDS/CLEAR
2025-04-08 17:52:52.842850 - Found CLISTSOE.txt (text/plain) in CBT.V508.FILE022.PDS, moved to PDS/CLISTSOE
2025-04-08 17:52:52.843417 - Found CPUTIME.txt (text/plain) in CBT.V508.FILE022.PDS, moved to PDS/CPUTIME
2025-04-08 17:52:52.843982 - Found DATE$.txt (text/plain) in CBT.V508.FILE022.PDS, moved to PDS/DATE$
2025-04-08 17:52:52.844610 - Found DATERC.txt (text/plain) in CBT.V508.FILE022.PDS, moved to PDS/DATERC
2025-04-08 17:52:52.845243 - Found DATERC#.jcl (text/plain) in CBT.V508.FILE022.PDS, moved to PDS/DATERC#
2025-04-08 17:52:52.845880 - Found DATE133.jcl (text/plain) in CBT.V508.FILE022.PDS, moved to PDS/DATE133
2025-04-08 17:52:52.846441 - Found DATE80.jcl (text/plain) in CBT.V508.FILE022.PDS, moved to PDS/DATE80
2025-04-08 17:52:52.847105 - Found DI215.txt (text/plain) in CBT.V508.FILE022.PDS, moved to PDS/DI215
2025-04-08 17:52:52.847764 - Found DI215#.jcl (text/plain) in CBT.V508.FILE022.PDS, moved to PDS/DI215#
2025-04-08 17:52:52.848363 - Found DUMPSCA#.jcl (text/plain) in CBT.V508.FILE022.PDS, moved to PDS/DUMPSCA#
2025-04-08 17:52:52.848958 - Found DUMPSCAN.txt (text/plain) in CBT.V508.FILE022.PDS, moved to PDS/DUMPSCAN
2025-04-08 17:52:52.849513 - Found GETJOBNM.txt (text/plain) in CBT.V508.FILE022.PDS, moved to PDS/GETJOBNM
2025-04-08 17:52:52.850060 - Found ICHRIN#.txt (text/plain) in CBT.V508.FILE022.PDS, moved to PDS/ICHRIN#
2025-04-08 17:52:52.850651 - Found ICHRIN03.txt (text/plain) in CBT.V508.FILE022.PDS, moved to PDS/ICHRIN03
2025-04-08 17:52:52.851193 - Found IDMSLOG#.jcl (text/plain) in CBT.V508.FILE022.PDS, moved to PDS/IDMSLOG#
2025-04-08 17:52:52.851768 - Found IDMSLOGS.txt (text/plain) in CBT.V508.FILE022.PDS, moved to PDS/IDMSLOGS
2025-04-08 17:52:52.852423 - Found JOBSTAT.txt (text/plain) in CBT.V508.FILE022.PDS, moved to PDS/JOBSTAT
2025-04-08 17:52:52.853001 - Found JOBSTAT#.jcl (text/plain) in CBT.V508.FILE022.PDS, moved to PDS/JOBSTAT#
2025-04-08 17:52:52.853587 - Found JULDATE.txt (text/plain) in CBT.V508.FILE022.PDS, moved to PDS/JULDATE
2025-04-08 17:52:52.854184 - Found JULSUB.jcl (text/plain) in CBT.V508.FILE022.PDS, moved to PDS/JULSUB
2025-04-08 17:52:52.854791 - Found MODE.txt (text/plain) in CBT.V508.FILE022.PDS, moved to PDS/MODE
2025-04-08 17:52:52.855391 - Found MRGJNLO#.jcl (text/plain) in CBT.V508.FILE022.PDS, moved to PDS/MRGJNLO#
2025-04-08 17:52:52.873173 - Found MRGJNLOG.txt (text/plain) in CBT.V508.FILE022.PDS, moved to PDS/MRGJNLOG
2025-04-08 17:52:52.873810 - Found PARMPASS.txt (text/plain) in CBT.V508.FILE022.PDS, moved to PDS/PARMPASS
2025-04-08 17:52:52.874421 - Found PUTCVRL.txt (text/plain) in CBT.V508.FILE022.PDS, moved to PDS/PUTCVRL
2025-04-08 17:52:52.875038 - Found PUTCVRL#.jcl (text/plain) in CBT.V508.FILE022.PDS, moved to PDS/PUTCVRL#
2025-04-08 17:52:52.875679 - Found RACFPGM.txt (text/plain) in CBT.V508.FILE022.PDS, moved to PDS/RACFPGM
2025-04-08 17:52:52.876268 - Found RACFST.txt (text/plain) in CBT.V508.FILE022.PDS, moved to PDS/RACFST
2025-04-08 17:52:52.876886 - Found RACFST#.jcl (text/plain) in CBT.V508.FILE022.PDS, moved to PDS/RACFST#
2025-04-08 17:52:52.877529 - Found REGS.txt (text/plain) in CBT.V508.FILE022.PDS, moved to PDS/REGS
2025-04-08 17:52:52.878144 - Found REGSX.txt (text/plain) in CBT.V508.FILE022.PDS, moved to PDS/REGSX
2025-04-08 17:52:52.878779 - Found RESCUE.txt (text/plain) in CBT.V508.FILE022.PDS, moved to PDS/RESCUE
2025-04-08 17:52:52.879419 - Found RESCUE#.jcl (text/plain) in CBT.V508.FILE022.PDS, moved to PDS/RESCUE#
2025-04-08 17:52:52.879984 - Found ROUTDESC.txt (text/plain) in CBT.V508.FILE022.PDS, moved to PDS/ROUTDESC
2025-04-08 17:52:52.880593 - Found SASCATS.jcl (text/plain) in CBT.V508.FILE022.PDS, moved to PDS/SASCATS
2025-04-08 17:52:52.881212 - Found SASCATSM.txt (text/plain) in CBT.V508.FILE022.PDS, moved to PDS/SASCATSM
2025-04-08 17:52:52.881802 - Found SASCATSR.jcl (text/plain) in CBT.V508.FILE022.PDS, moved to PDS/SASCATSR
2025-04-08 17:52:52.882355 - Found SASCSI.jcl (text/plain) in CBT.V508.FILE022.PDS, moved to PDS/SASCSI
2025-04-08 17:52:52.882896 - Found SASDDDEF.txt (text/plain) in CBT.V508.FILE022.PDS, moved to PDS/SASDDDEF
2025-04-08 17:52:52.883450 - Found SASEXPL.txt (text/plain) in CBT.V508.FILE022.PDS, moved to PDS/SASEXPL
2025-04-08 17:52:52.884068 - Found SASNLDM.jcl (text/plain) in CBT.V508.FILE022.PDS, moved to PDS/SASNLDM
2025-04-08 17:52:52.884616 - Found SASSMF3R.jcl (text/plain) in CBT.V508.FILE022.PDS, moved to PDS/SASSMF3R
2025-04-08 17:52:52.885195 - Found SASSMF30.txt (text/plain) in CBT.V508.FILE022.PDS, moved to PDS/SASSMF30
2025-04-08 17:52:52.885773 - Found SASSMP.jcl (text/plain) in CBT.V508.FILE022.PDS, moved to PDS/SASSMP
2025-04-08 17:52:52.886420 - Found SASTIMES.txt (text/plain) in CBT.V508.FILE022.PDS, moved to PDS/SASTIMES
2025-04-08 17:52:52.887092 - Found SASTMS.jcl (text/plain) in CBT.V508.FILE022.PDS, moved to PDS/SASTMS
2025-04-08 17:52:52.887762 - Found SASVTOC.txt (text/plain) in CBT.V508.FILE022.PDS, moved to PDS/SASVTOC
2025-04-08 17:52:52.888383 - Found SAS30M.txt (text/plain) in CBT.V508.FILE022.PDS, moved to PDS/SAS30M
2025-04-08 17:52:52.889056 - Found SMF5.txt (text/plain) in CBT.V508.FILE022.PDS, moved to PDS/SMF5
2025-04-08 17:52:52.889667 - Found SMF5#.jcl (text/plain) in CBT.V508.FILE022.PDS, moved to PDS/SMF5#
2025-04-08 17:52:52.890303 - Found SMPELIS#.jcl (text/plain) in CBT.V508.FILE022.PDS, moved to PDS/SMPELIS#
2025-04-08 17:52:52.890923 - Found SMPELIST.txt (text/plain) in CBT.V508.FILE022.PDS, moved to PDS/SMPELIST
2025-04-08 17:52:52.891517 - Found SMPPRE.txt (text/plain) in CBT.V508.FILE022.PDS, moved to PDS/SMPPRE
2025-04-08 17:52:52.892190 - Found SYSLOC.txt (text/plain) in CBT.V508.FILE022.PDS, moved to PDS/SYSLOC
2025-04-08 17:52:52.892814 - Found SYSLOG.txt (text/plain) in CBT.V508.FILE022.PDS, moved to PDS/SYSLOG
2025-04-08 17:52:52.893425 - Found SYSLOG$.txt (text/plain) in CBT.V508.FILE022.PDS, moved to PDS/SYSLOG$
2025-04-08 17:52:52.894010 - Found SYSLOG$$.txt (text/plain) in CBT.V508.FILE022.PDS, moved to PDS/SYSLOG$$
2025-04-08 17:52:52.894796 - Found SYSLOG#.jcl (text/plain) in CBT.V508.FILE022.PDS, moved to PDS/SYSLOG#
2025-04-08 17:52:52.895391 - Found SYSLOG##.jcl (text/plain) in CBT.V508.FILE022.PDS, moved to PDS/SYSLOG##
2025-04-08 17:52:52.896091 - Found SYSTAT.txt (text/plain) in CBT.V508.FILE022.PDS, moved to PDS/SYSTAT
2025-04-08 17:52:52.896645 - Found SYSTAT$.txt (text/plain) in CBT.V508.FILE022.PDS, moved to PDS/SYSTAT$
2025-04-08 17:52:52.897283 - Found SYSTAT#.jcl (text/plain) in CBT.V508.FILE022.PDS, moved to PDS/SYSTAT#
2025-04-08 17:52:52.897840 - Found TESTOPEN.txt (text/plain) in CBT.V508.FILE022.PDS, moved to PDS/TESTOPEN
2025-04-08 17:52:52.898435 - Found TRANSL.jcl (text/plain) in CBT.V508.FILE022.PDS, moved to PDS/TRANSL
2025-04-08 17:52:52.899075 - Found UCBJCL.txt (text/plain) in CBT.V508.FILE022.PDS, moved to PDS/UCBJCL
2025-04-08 17:52:52.899687 - Found UCBJCL#.jcl (text/plain) in CBT.V508.FILE022.PDS, moved to PDS/UCBJCL#
2025-04-08 17:52:52.900343 - Found UCBSCAN.txt (text/plain) in CBT.V508.FILE022.PDS, moved to PDS/UCBSCAN
2025-04-08 17:52:52.900957 - Found UCBSCAN$.txt (text/plain) in CBT.V508.FILE022.PDS, moved to PDS/UCBSCAN$
2025-04-08 17:52:52.901566 - Found UCBSCAN#.jcl (text/plain) in CBT.V508.FILE022.PDS, moved to PDS/UCBSCAN#
2025-04-08 17:52:52.902130 - Found UCBSCAN@.txt (text/plain) in CBT.V508.FILE022.PDS, moved to PDS/UCBSCAN@
2025-04-08 17:52:52.902745 - Found UCBSVC#.jcl (text/plain) in CBT.V508.FILE022.PDS, moved to PDS/UCBSVC#
2025-04-08 17:52:52.903362 - Found UCBSVC78.txt (text/plain) in CBT.V508.FILE022.PDS, moved to PDS/UCBSVC78
2025-04-08 17:52:52.903986 - Found UCBTYPES.txt (text/plain) in CBT.V508.FILE022.PDS, moved to PDS/UCBTYPES
2025-04-08 17:52:52.904571 - Found WEEKLY.jcl (text/plain) in CBT.V508.FILE022.PDS, moved to PDS/WEEKLY
2025-04-08 17:52:52.905116 - Found WTONROL#.jcl (text/plain) in CBT.V508.FILE022.PDS, moved to PDS/WTONROL#
2025-04-08 17:52:52.905680 - Found WTONROLL.txt (text/plain) in CBT.V508.FILE022.PDS, moved to PDS/WTONROLL
